<?xml version="1.0" encoding="UTF-8"?>
<!-- Generated by org.testng.reporters.JUnitXMLReporter -->
<testsuite ignored="0" hostname="DESKTOP-GT9SFK0" failures="0" tests="6" name="Default test" time="4.684" errors="0" timestamp="2024-12-24T16:42:40 EST">
  <testcase classname="api.test.DDTests" name="testPostuser" time="2.484"/>
  <testcase classname="api.test.DDTests" name="testPostuser" time="0.122"/>
  <testcase classname="api.test.DDTests" name="testPostuser" time="0.108"/>
  <testcase classname="api.test.DDTests" name="testDeleteUserByName" time="0.151"/>
  <testcase classname="api.test.DDTests" name="testDeleteUserByName" time="0.117"/>
  <testcase classname="api.test.DDTests" name="testDeleteUserByName" time="0.098"/>
</testsuite> <!-- Default test -->
