<?xml version="1.0" encoding="UTF-8"?>
<testng-results ignored="0" total="4" passed="4" failed="0" skipped="0">
  <reporter-output>
  </reporter-output>
  <suite started-at="2024-12-25T16:47:57 EST" name="PetSuite" finished-at="2024-12-25T16:48:01 EST" duration-ms="4659">
    <groups>
    </groups>
    <test started-at="2024-12-25T16:47:57 EST" name="PetTest" finished-at="2024-12-25T16:48:01 EST" duration-ms="4659">
      <class name="api.test.UserTests2">
        <test-method is-config="true" signature="setupData()[pri:0, instance:api.test.UserTests2@50eac852]" started-at="2024-12-25T16:47:57 EST" name="setupData" finished-at="2024-12-25T16:47:58 EST" duration-ms="1186" status="PASS">
          <reporter-output>
          </reporter-output>
        </test-method> <!-- setupData -->
        <test-method signature="testPostUser()[pri:1, instance:api.test.UserTests2@50eac852]" started-at="2024-12-25T16:47:58 EST" name="testPostUser" finished-at="2024-12-25T16:48:01 EST" duration-ms="2677" status="PASS">
          <reporter-output>
          </reporter-output>
        </test-method> <!-- testPostUser -->
        <test-method signature="testGetUserByName()[pri:2, instance:api.test.UserTests2@50eac852]" started-at="2024-12-25T16:48:01 EST" name="testGetUserByName" finished-at="2024-12-25T16:48:01 EST" duration-ms="129" status="PASS">
          <reporter-output>
          </reporter-output>
        </test-method> <!-- testGetUserByName -->
        <test-method signature="testDeleteUserByName()[pri:3, instance:api.test.UserTests2@50eac852]" started-at="2024-12-25T16:48:01 EST" name="testDeleteUserByName" finished-at="2024-12-25T16:48:01 EST" duration-ms="109" status="PASS">
          <reporter-output>
          </reporter-output>
        </test-method> <!-- testDeleteUserByName -->
        <test-method signature="testUpdateUserByName()[pri:3, instance:api.test.UserTests2@50eac852]" started-at="2024-12-25T16:48:01 EST" name="testUpdateUserByName" finished-at="2024-12-25T16:48:01 EST" duration-ms="228" status="PASS">
          <reporter-output>
          </reporter-output>
        </test-method> <!-- testUpdateUserByName -->
      </class> <!-- api.test.UserTests2 -->
    </test> <!-- PetTest -->
  </suite> <!-- PetSuite -->
</testng-results>
