<?xml version="1.0" encoding="UTF-8"?>
<testng-results ignored="0" total="4" passed="4" failed="0" skipped="0">
  <reporter-output>
  </reporter-output>
  <suite started-at="2024-12-25T15:34:31 EST" name="PetSuite" finished-at="2024-12-25T15:34:36 EST" duration-ms="4257">
    <groups>
    </groups>
    <test started-at="2024-12-25T15:34:31 EST" name="PetTest" finished-at="2024-12-25T15:34:36 EST" duration-ms="4257">
      <class name="api.test.UserTests2">
        <test-method is-config="true" signature="setupData()[pri:0, instance:api.test.UserTests2@179ece50]" started-at="2024-12-25T15:34:32 EST" name="setupData" finished-at="2024-12-25T15:34:32 EST" duration-ms="704" status="PASS">
          <reporter-output>
          </reporter-output>
        </test-method> <!-- setupData -->
        <test-method signature="testPostUser()[pri:1, instance:api.test.UserTests2@179ece50]" started-at="2024-12-25T15:34:32 EST" name="testPostUser" finished-at="2024-12-25T15:34:35 EST" duration-ms="2647" status="PASS">
          <reporter-output>
          </reporter-output>
        </test-method> <!-- testPostUser -->
        <test-method signature="testGetUserByName()[pri:2, instance:api.test.UserTests2@179ece50]" started-at="2024-12-25T15:34:35 EST" name="testGetUserByName" finished-at="2024-12-25T15:34:35 EST" duration-ms="167" status="PASS">
          <reporter-output>
          </reporter-output>
        </test-method> <!-- testGetUserByName -->
        <test-method signature="testDeleteUserByName()[pri:3, instance:api.test.UserTests2@179ece50]" started-at="2024-12-25T15:34:35 EST" name="testDeleteUserByName" finished-at="2024-12-25T15:34:35 EST" duration-ms="118" status="PASS">
          <reporter-output>
          </reporter-output>
        </test-method> <!-- testDeleteUserByName -->
        <test-method signature="testUpdateUserByName()[pri:3, instance:api.test.UserTests2@179ece50]" started-at="2024-12-25T15:34:35 EST" name="testUpdateUserByName" finished-at="2024-12-25T15:34:36 EST" duration-ms="276" status="PASS">
          <reporter-output>
          </reporter-output>
        </test-method> <!-- testUpdateUserByName -->
      </class> <!-- api.test.UserTests2 -->
    </test> <!-- PetTest -->
  </suite> <!-- PetSuite -->
</testng-results>
