<?xml version="1.0" encoding="UTF-8"?>
<!-- Generated by org.testng.reporters.JUnitXMLReporter -->
<testsuite ignored="0" hostname="DESKTOP-GT9SFK0" failures="0" tests="4" name="PetTest" time="4.659" errors="0" timestamp="2024-12-25T16:48:02 EST">
  <testcase classname="api.test.UserTests2" name="testPostUser" time="2.677"/>
  <testcase classname="api.test.UserTests2" name="testGetUserByName" time="0.129"/>
  <testcase classname="api.test.UserTests2" name="testDeleteUserByName" time="0.109"/>
  <testcase classname="api.test.UserTests2" name="testUpdateUserByName" time="0.228"/>
</testsuite> <!-- PetTest -->
