<?xml version="1.0" encoding="UTF-8"?>
<!-- Generated by org.testng.reporters.JUnitXMLReporter -->
<testsuite ignored="0" hostname="DESKTOP-GT9SFK0" failures="0" tests="4" name="PetTest" time="4.257" errors="0" timestamp="2024-12-25T15:34:36 EST">
  <testcase classname="api.test.UserTests2" name="testPostUser" time="2.647"/>
  <testcase classname="api.test.UserTests2" name="testGetUserByName" time="0.167"/>
  <testcase classname="api.test.UserTests2" name="testDeleteUserByName" time="0.118"/>
  <testcase classname="api.test.UserTests2" name="testUpdateUserByName" time="0.276"/>
</testsuite> <!-- PetTest -->
